2021-07-07 10:32:46.706  INFO 8252 --- [restartedMain] c.s.springbatch.SpringbatchApplication   : Starting SpringbatchApplication on SHI58495EU1172F with PID 8252 (C:\Users\kreddy0\Desktop\springbatch\springbatch\target\classes started by kreddy0 in C:\Users\kreddy0\Desktop\springbatch\springbatch)
2021-07-07 10:32:46.728 DEBUG 8252 --- [restartedMain] c.s.springbatch.SpringbatchApplication   : Running with Spring Boot v2.3.12.RELEASE, Spring v5.2.15.RELEASE
2021-07-07 10:32:46.728  INFO 8252 --- [restartedMain] c.s.springbatch.SpringbatchApplication   : No active profile set, falling back to default profiles: default
2021-07-07 10:32:46.857  INFO 8252 --- [restartedMain] .e.DevToolsPropertyDefaultsPostProcessor : Devtools property defaults active! Set 'spring.devtools.add-properties' to 'false' to disable
2021-07-07 10:32:46.857  INFO 8252 --- [restartedMain] .e.DevToolsPropertyDefaultsPostProcessor : For additional web related logging consider setting the 'logging.level.web' property to 'DEBUG'
2021-07-07 10:32:48.642  INFO 8252 --- [restartedMain] .s.d.r.c.RepositoryConfigurationDelegate : Bootstrapping Spring Data JPA repositories in DEFAULT mode.
2021-07-07 10:32:48.743  INFO 8252 --- [restartedMain] .s.d.r.c.RepositoryConfigurationDelegate : Finished Spring Data repository scanning in 83ms. Found 2 JPA repository interfaces.
2021-07-07 10:32:50.111  INFO 8252 --- [restartedMain] o.s.b.w.embedded.tomcat.TomcatWebServer  : Tomcat initialized with port(s): 8080 (http)
2021-07-07 10:32:50.123  INFO 8252 --- [restartedMain] o.apache.catalina.core.StandardService   : Starting service [Tomcat]
2021-07-07 10:32:50.124  INFO 8252 --- [restartedMain] org.apache.catalina.core.StandardEngine  : Starting Servlet engine: [Apache Tomcat/9.0.46]
2021-07-07 10:32:50.308  INFO 8252 --- [restartedMain] o.a.c.c.C.[Tomcat].[localhost].[/]       : Initializing Spring embedded WebApplicationContext
2021-07-07 10:32:50.309  INFO 8252 --- [restartedMain] w.s.c.ServletWebServerApplicationContext : Root WebApplicationContext: initialization completed in 3451 ms
2021-07-07 10:32:50.398  INFO 8252 --- [restartedMain] com.zaxxer.hikari.HikariDataSource       : HikariPool-1 - Starting...
2021-07-07 10:32:50.822  INFO 8252 --- [restartedMain] com.zaxxer.hikari.HikariDataSource       : HikariPool-1 - Start completed.
2021-07-07 10:32:50.836  INFO 8252 --- [restartedMain] o.s.b.a.h2.H2ConsoleAutoConfiguration    : H2 console available at '/h2-console'. Database available at 'jdbc:h2:mem:testdb'
2021-07-07 10:32:51.075  INFO 8252 --- [restartedMain] o.hibernate.jpa.internal.util.LogHelper  : HHH000204: Processing PersistenceUnitInfo [name: default]
2021-07-07 10:32:51.171  INFO 8252 --- [restartedMain] org.hibernate.Version                    : HHH000412: Hibernate ORM core version 5.4.32.Final
2021-07-07 10:32:51.387  INFO 8252 --- [restartedMain] o.hibernate.annotations.common.Version   : HCANN000001: Hibernate Commons Annotations {5.1.2.Final}
2021-07-07 10:32:51.597  INFO 8252 --- [restartedMain] org.hibernate.dialect.Dialect            : HHH000400: Using dialect: org.hibernate.dialect.H2Dialect
2021-07-07 10:32:52.650  INFO 8252 --- [restartedMain] o.h.e.t.j.p.i.JtaPlatformInitiator       : HHH000490: Using JtaPlatform implementation: [org.hibernate.engine.transaction.jta.platform.internal.NoJtaPlatform]
2021-07-07 10:32:52.661  INFO 8252 --- [restartedMain] j.LocalContainerEntityManagerFactoryBean : Initialized JPA EntityManagerFactory for persistence unit 'default'
2021-07-07 10:32:52.684  INFO 8252 --- [restartedMain] o.s.b.d.a.OptionalLiveReloadServer       : LiveReload server is running on port 35729
2021-07-07 10:32:53.323  WARN 8252 --- [restartedMain] JpaBaseConfiguration$JpaWebConfiguration : spring.jpa.open-in-view is enabled by default. Therefore, database queries may be performed during view rendering. Explicitly configure spring.jpa.open-in-view to disable this warning
2021-07-07 10:32:53.494  INFO 8252 --- [restartedMain] o.s.s.concurrent.ThreadPoolTaskExecutor  : Initializing ExecutorService 'applicationTaskExecutor'
2021-07-07 10:32:53.753  WARN 8252 --- [restartedMain] o.s.b.a.batch.JpaBatchConfigurer         : JPA does not support custom isolation levels, so locks may not be taken when launching Jobs
2021-07-07 10:32:53.757  INFO 8252 --- [restartedMain] o.s.b.c.r.s.JobRepositoryFactoryBean     : No database type set, using meta data indicating: H2
2021-07-07 10:32:53.787  INFO 8252 --- [restartedMain] o.s.b.c.l.support.SimpleJobLauncher      : No TaskExecutor has been set, defaulting to synchronous executor.
2021-07-07 10:32:53.944  INFO 8252 --- [restartedMain] o.s.b.w.embedded.tomcat.TomcatWebServer  : Tomcat started on port(s): 8080 (http) with context path ''
2021-07-07 10:32:53.959  INFO 8252 --- [restartedMain] c.s.springbatch.SpringbatchApplication   : Started SpringbatchApplication in 7.808 seconds (JVM running for 8.669)
2021-07-07 10:33:01.635  INFO 8252 --- [http-nio-8080-exec-1] o.a.c.c.C.[Tomcat].[localhost].[/]       : Initializing Spring DispatcherServlet 'dispatcherServlet'
2021-07-07 10:33:01.636  INFO 8252 --- [http-nio-8080-exec-1] o.s.web.servlet.DispatcherServlet        : Initializing Servlet 'dispatcherServlet'
2021-07-07 10:33:01.651  INFO 8252 --- [http-nio-8080-exec-1] o.s.web.servlet.DispatcherServlet        : Completed initialization in 14 ms
2021-07-07 10:33:02.360  INFO 8252 --- [http-nio-8080-exec-1] o.s.b.c.l.support.SimpleJobLauncher      : Job: [SimpleJob: [name=ETL-Load]] launched with the following parameters: [{time=1625634181800}]
2021-07-07 10:33:02.451  INFO 8252 --- [http-nio-8080-exec-1] o.s.batch.core.job.SimpleStepHandler     : Executing step: [Contacts-File-Load]
2021-07-07 10:33:02.500 ERROR 8252 --- [http-nio-8080-exec-1] c.s.springbatch.batch.CustomerProcessor  : Phone number must be 10 digits
2021-07-07 10:33:02.627  INFO 8252 --- [http-nio-8080-exec-1] o.s.batch.core.step.AbstractStep         : Step: [Contacts-File-Load] executed in 175ms
2021-07-07 10:33:02.637  INFO 8252 --- [http-nio-8080-exec-1] o.s.batch.core.job.SimpleStepHandler     : Executing step: [Address-File-Load]
2021-07-07 10:33:02.672 ERROR 8252 --- [http-nio-8080-exec-1] o.s.batch.core.step.AbstractStep         : Encountered an error executing step Address-File-Load in job ETL-Load

java.lang.NullPointerException: null
	at com.shi.springbatch.batch.AddressProcessor.checkPhone(AddressProcessor.java:37) ~[classes/:na]
	at com.shi.springbatch.batch.AddressProcessor.check(AddressProcessor.java:28) ~[classes/:na]
	at com.shi.springbatch.batch.AddressProcessor.process(AddressProcessor.java:19) ~[classes/:na]
	at com.shi.springbatch.batch.AddressProcessor.process(AddressProcessor.java:1) ~[classes/:na]
	at org.springframework.batch.core.step.item.SimpleChunkProcessor.doProcess(SimpleChunkProcessor.java:134) ~[spring-batch-core-4.2.7.RELEASE.jar:4.2.7.RELEASE]
	at org.springframework.batch.core.step.item.SimpleChunkProcessor.transform(SimpleChunkProcessor.java:319) ~[spring-batch-core-4.2.7.RELEASE.jar:4.2.7.RELEASE]
	at org.springframework.batch.core.step.item.SimpleChunkProcessor.process(SimpleChunkProcessor.java:210) ~[spring-batch-core-4.2.7.RELEASE.jar:4.2.7.RELEASE]
	at org.springframework.batch.core.step.item.ChunkOrientedTasklet.execute(ChunkOrientedTasklet.java:77) ~[spring-batch-core-4.2.7.RELEASE.jar:4.2.7.RELEASE]
	at org.springframework.batch.core.step.tasklet.TaskletStep$ChunkTransactionCallback.doInTransaction(TaskletStep.java:407) ~[spring-batch-core-4.2.7.RELEASE.jar:4.2.7.RELEASE]
	at org.springframework.batch.core.step.tasklet.TaskletStep$ChunkTransactionCallback.doInTransaction(TaskletStep.java:331) ~[spring-batch-core-4.2.7.RELEASE.jar:4.2.7.RELEASE]
	at org.springframework.transaction.support.TransactionTemplate.execute(TransactionTemplate.java:140) ~[spring-tx-5.2.15.RELEASE.jar:5.2.15.RELEASE]
	at org.springframework.batch.core.step.tasklet.TaskletStep$2.doInChunkContext(TaskletStep.java:273) ~[spring-batch-core-4.2.7.RELEASE.jar:4.2.7.RELEASE]
	at org.springframework.batch.core.scope.context.StepContextRepeatCallback.doInIteration(StepContextRepeatCallback.java:82) ~[spring-batch-core-4.2.7.RELEASE.jar:4.2.7.RELEASE]
	at org.springframework.batch.repeat.support.RepeatTemplate.getNextResult(RepeatTemplate.java:375) ~[spring-batch-infrastructure-4.2.7.RELEASE.jar:4.2.7.RELEASE]
	at org.springframework.batch.repeat.support.RepeatTemplate.executeInternal(RepeatTemplate.java:215) ~[spring-batch-infrastructure-4.2.7.RELEASE.jar:4.2.7.RELEASE]
	at org.springframework.batch.repeat.support.RepeatTemplate.iterate(RepeatTemplate.java:145) ~[spring-batch-infrastructure-4.2.7.RELEASE.jar:4.2.7.RELEASE]
	at org.springframework.batch.core.step.tasklet.TaskletStep.doExecute(TaskletStep.java:258) ~[spring-batch-core-4.2.7.RELEASE.jar:4.2.7.RELEASE]
	at org.springframework.batch.core.step.AbstractStep.execute(AbstractStep.java:208) ~[spring-batch-core-4.2.7.RELEASE.jar:4.2.7.RELEASE]
	at org.springframework.batch.core.job.SimpleStepHandler.handleStep(SimpleStepHandler.java:152) [spring-batch-core-4.2.7.RELEASE.jar:4.2.7.RELEASE]
	at org.springframework.batch.core.job.AbstractJob.handleStep(AbstractJob.java:412) [spring-batch-core-4.2.7.RELEASE.jar:4.2.7.RELEASE]
	at org.springframework.batch.core.job.SimpleJob.doExecute(SimpleJob.java:136) [spring-batch-core-4.2.7.RELEASE.jar:4.2.7.RELEASE]
	at org.springframework.batch.core.job.AbstractJob.execute(AbstractJob.java:319) [spring-batch-core-4.2.7.RELEASE.jar:4.2.7.RELEASE]
	at org.springframework.batch.core.launch.support.SimpleJobLauncher$1.run(SimpleJobLauncher.java:149) [spring-batch-core-4.2.7.RELEASE.jar:4.2.7.RELEASE]
	at org.springframework.core.task.SyncTaskExecutor.execute(SyncTaskExecutor.java:50) [spring-core-5.2.15.RELEASE.jar:5.2.15.RELEASE]
	at org.springframework.batch.core.launch.support.SimpleJobLauncher.run(SimpleJobLauncher.java:140) [spring-batch-core-4.2.7.RELEASE.jar:4.2.7.RELEASE]
	at sun.reflect.NativeMethodAccessorImpl.invoke0(Native Method) ~[na:1.8.0_11]
	at sun.reflect.NativeMethodAccessorImpl.invoke(NativeMethodAccessorImpl.java:62) ~[na:1.8.0_11]
	at sun.reflect.DelegatingMethodAccessorImpl.invoke(DelegatingMethodAccessorImpl.java:43) ~[na:1.8.0_11]
	at java.lang.reflect.Method.invoke(Method.java:483) ~[na:1.8.0_11]
	at org.springframework.aop.support.AopUtils.invokeJoinpointUsingReflection(AopUtils.java:344) [spring-aop-5.2.15.RELEASE.jar:5.2.15.RELEASE]
	at org.springframework.aop.framework.ReflectiveMethodInvocation.invokeJoinpoint(ReflectiveMethodInvocation.java:198) [spring-aop-5.2.15.RELEASE.jar:5.2.15.RELEASE]
	at org.springframework.aop.framework.ReflectiveMethodInvocation.proceed(ReflectiveMethodInvocation.java:163) [spring-aop-5.2.15.RELEASE.jar:5.2.15.RELEASE]
	at org.springframework.batch.core.configuration.annotation.SimpleBatchConfiguration$PassthruAdvice.invoke(SimpleBatchConfiguration.java:127) [spring-batch-core-4.2.7.RELEASE.jar:4.2.7.RELEASE]
	at org.springframework.aop.framework.ReflectiveMethodInvocation.proceed(ReflectiveMethodInvocation.java:186) [spring-aop-5.2.15.RELEASE.jar:5.2.15.RELEASE]
	at org.springframework.aop.framework.JdkDynamicAopProxy.invoke(JdkDynamicAopProxy.java:212) [spring-aop-5.2.15.RELEASE.jar:5.2.15.RELEASE]
	at com.sun.proxy.$Proxy86.run(Unknown Source) [na:na]
	at com.shi.springbatch.controller.LoadController.load(LoadController.java:43) [classes/:na]
	at sun.reflect.NativeMethodAccessorImpl.invoke0(Native Method) ~[na:1.8.0_11]
	at sun.reflect.NativeMethodAccessorImpl.invoke(NativeMethodAccessorImpl.java:62) ~[na:1.8.0_11]
	at sun.reflect.DelegatingMethodAccessorImpl.invoke(DelegatingMethodAccessorImpl.java:43) ~[na:1.8.0_11]
	at java.lang.reflect.Method.invoke(Method.java:483) ~[na:1.8.0_11]
	at org.springframework.web.method.support.InvocableHandlerMethod.doInvoke(InvocableHandlerMethod.java:190) [spring-web-5.2.15.RELEASE.jar:5.2.15.RELEASE]
	at org.springframework.web.method.support.InvocableHandlerMethod.invokeForRequest(InvocableHandlerMethod.java:138) [spring-web-5.2.15.RELEASE.jar:5.2.15.RELEASE]
	at org.springframework.web.servlet.mvc.method.annotation.ServletInvocableHandlerMethod.invokeAndHandle(ServletInvocableHandlerMethod.java:105) [spring-webmvc-5.2.15.RELEASE.jar:5.2.15.RELEASE]
	at org.springframework.web.servlet.mvc.method.annotation.RequestMappingHandlerAdapter.invokeHandlerMethod(RequestMappingHandlerAdapter.java:878) [spring-webmvc-5.2.15.RELEASE.jar:5.2.15.RELEASE]
	at org.springframework.web.servlet.mvc.method.annotation.RequestMappingHandlerAdapter.handleInternal(RequestMappingHandlerAdapter.java:792) [spring-webmvc-5.2.15.RELEASE.jar:5.2.15.RELEASE]
	at org.springframework.web.servlet.mvc.method.AbstractHandlerMethodAdapter.handle(AbstractHandlerMethodAdapter.java:87) [spring-webmvc-5.2.15.RELEASE.jar:5.2.15.RELEASE]
	at org.springframework.web.servlet.DispatcherServlet.doDispatch(DispatcherServlet.java:1040) [spring-webmvc-5.2.15.RELEASE.jar:5.2.15.RELEASE]
	at org.springframework.web.servlet.DispatcherServlet.doService(DispatcherServlet.java:943) [spring-webmvc-5.2.15.RELEASE.jar:5.2.15.RELEASE]
	at org.springframework.web.servlet.FrameworkServlet.processRequest(FrameworkServlet.java:1006) [spring-webmvc-5.2.15.RELEASE.jar:5.2.15.RELEASE]
	at org.springframework.web.servlet.FrameworkServlet.doGet(FrameworkServlet.java:898) [spring-webmvc-5.2.15.RELEASE.jar:5.2.15.RELEASE]
	at javax.servlet.http.HttpServlet.service(HttpServlet.java:626) [tomcat-embed-core-9.0.46.jar:4.0.FR]
	at org.springframework.web.servlet.FrameworkServlet.service(FrameworkServlet.java:883) [spring-webmvc-5.2.15.RELEASE.jar:5.2.15.RELEASE]
	at javax.servlet.http.HttpServlet.service(HttpServlet.java:733) [tomcat-embed-core-9.0.46.jar:4.0.FR]
	at org.apache.catalina.core.ApplicationFilterChain.internalDoFilter(ApplicationFilterChain.java:227) [tomcat-embed-core-9.0.46.jar:9.0.46]
	at org.apache.catalina.core.ApplicationFilterChain.doFilter(ApplicationFilterChain.java:162) [tomcat-embed-core-9.0.46.jar:9.0.46]
	at org.apache.tomcat.websocket.server.WsFilter.doFilter(WsFilter.java:53) [tomcat-embed-websocket-9.0.46.jar:9.0.46]
	at org.apache.catalina.core.ApplicationFilterChain.internalDoFilter(ApplicationFilterChain.java:189) [tomcat-embed-core-9.0.46.jar:9.0.46]
	at org.apache.catalina.core.ApplicationFilterChain.doFilter(ApplicationFilterChain.java:162) [tomcat-embed-core-9.0.46.jar:9.0.46]
	at org.springframework.web.filter.RequestContextFilter.doFilterInternal(RequestContextFilter.java:100) [spring-web-5.2.15.RELEASE.jar:5.2.15.RELEASE]
	at org.springframework.web.filter.OncePerRequestFilter.doFilter(OncePerRequestFilter.java:119) [spring-web-5.2.15.RELEASE.jar:5.2.15.RELEASE]
	at org.apache.catalina.core.ApplicationFilterChain.internalDoFilter(ApplicationFilterChain.java:189) [tomcat-embed-core-9.0.46.jar:9.0.46]
	at org.apache.catalina.core.ApplicationFilterChain.doFilter(ApplicationFilterChain.java:162) [tomcat-embed-core-9.0.46.jar:9.0.46]
	at org.springframework.web.filter.FormContentFilter.doFilterInternal(FormContentFilter.java:93) [spring-web-5.2.15.RELEASE.jar:5.2.15.RELEASE]
	at org.springframework.web.filter.OncePerRequestFilter.doFilter(OncePerRequestFilter.java:119) [spring-web-5.2.15.RELEASE.jar:5.2.15.RELEASE]
	at org.apache.catalina.core.ApplicationFilterChain.internalDoFilter(ApplicationFilterChain.java:189) [tomcat-embed-core-9.0.46.jar:9.0.46]
	at org.apache.catalina.core.ApplicationFilterChain.doFilter(ApplicationFilterChain.java:162) [tomcat-embed-core-9.0.46.jar:9.0.46]
	at org.springframework.web.filter.CharacterEncodingFilter.doFilterInternal(CharacterEncodingFilter.java:201) [spring-web-5.2.15.RELEASE.jar:5.2.15.RELEASE]
	at org.springframework.web.filter.OncePerRequestFilter.doFilter(OncePerRequestFilter.java:119) [spring-web-5.2.15.RELEASE.jar:5.2.15.RELEASE]
	at org.apache.catalina.core.ApplicationFilterChain.internalDoFilter(ApplicationFilterChain.java:189) [tomcat-embed-core-9.0.46.jar:9.0.46]
	at org.apache.catalina.core.ApplicationFilterChain.doFilter(ApplicationFilterChain.java:162) [tomcat-embed-core-9.0.46.jar:9.0.46]
	at org.apache.catalina.core.StandardWrapperValve.invoke(StandardWrapperValve.java:202) [tomcat-embed-core-9.0.46.jar:9.0.46]
	at org.apache.catalina.core.StandardContextValve.invoke(StandardContextValve.java:97) [tomcat-embed-core-9.0.46.jar:9.0.46]
	at org.apache.catalina.authenticator.AuthenticatorBase.invoke(AuthenticatorBase.java:542) [tomcat-embed-core-9.0.46.jar:9.0.46]
	at org.apache.catalina.core.StandardHostValve.invoke(StandardHostValve.java:143) [tomcat-embed-core-9.0.46.jar:9.0.46]
	at org.apache.catalina.valves.ErrorReportValve.invoke(ErrorReportValve.java:92) [tomcat-embed-core-9.0.46.jar:9.0.46]
	at org.apache.catalina.core.StandardEngineValve.invoke(StandardEngineValve.java:78) [tomcat-embed-core-9.0.46.jar:9.0.46]
	at org.apache.catalina.connector.CoyoteAdapter.service(CoyoteAdapter.java:357) [tomcat-embed-core-9.0.46.jar:9.0.46]
	at org.apache.coyote.http11.Http11Processor.service(Http11Processor.java:374) [tomcat-embed-core-9.0.46.jar:9.0.46]
	at org.apache.coyote.AbstractProcessorLight.process(AbstractProcessorLight.java:65) [tomcat-embed-core-9.0.46.jar:9.0.46]
	at org.apache.coyote.AbstractProtocol$ConnectionHandler.process(AbstractProtocol.java:893) [tomcat-embed-core-9.0.46.jar:9.0.46]
	at org.apache.tomcat.util.net.NioEndpoint$SocketProcessor.doRun(NioEndpoint.java:1707) [tomcat-embed-core-9.0.46.jar:9.0.46]
	at org.apache.tomcat.util.net.SocketProcessorBase.run(SocketProcessorBase.java:49) [tomcat-embed-core-9.0.46.jar:9.0.46]
	at java.util.concurrent.ThreadPoolExecutor.runWorker(ThreadPoolExecutor.java:1142) [na:1.8.0_11]
	at java.util.concurrent.ThreadPoolExecutor$Worker.run(ThreadPoolExecutor.java:617) [na:1.8.0_11]
	at org.apache.tomcat.util.threads.TaskThread$WrappingRunnable.run(TaskThread.java:61) [tomcat-embed-core-9.0.46.jar:9.0.46]
	at java.lang.Thread.run(Thread.java:745) [na:1.8.0_11]

2021-07-07 10:33:02.674  INFO 8252 --- [http-nio-8080-exec-1] o.s.batch.core.step.AbstractStep         : Step: [Address-File-Load] executed in 36ms
2021-07-07 10:33:02.999  INFO 8252 --- [http-nio-8080-exec-1] o.s.b.c.l.support.SimpleJobLauncher      : Job: [SimpleJob: [name=ETL-Load]] completed with the following parameters: [{time=1625634181800}] and the following status: [FAILED] in 592ms
2021-07-07 10:41:01.922  INFO 5652 --- [restartedMain] c.s.springbatch.SpringbatchApplication   : Starting SpringbatchApplication on SHI58495EU1172F with PID 5652 (C:\Users\kreddy0\Desktop\springbatch\springbatch\target\classes started by kreddy0 in C:\Users\kreddy0\Desktop\springbatch\springbatch)
2021-07-07 10:41:01.927 DEBUG 5652 --- [restartedMain] c.s.springbatch.SpringbatchApplication   : Running with Spring Boot v2.3.12.RELEASE, Spring v5.2.15.RELEASE
2021-07-07 10:41:01.928  INFO 5652 --- [restartedMain] c.s.springbatch.SpringbatchApplication   : No active profile set, falling back to default profiles: default
2021-07-07 10:41:02.036  INFO 5652 --- [restartedMain] .e.DevToolsPropertyDefaultsPostProcessor : Devtools property defaults active! Set 'spring.devtools.add-properties' to 'false' to disable
2021-07-07 10:41:02.036  INFO 5652 --- [restartedMain] .e.DevToolsPropertyDefaultsPostProcessor : For additional web related logging consider setting the 'logging.level.web' property to 'DEBUG'
2021-07-07 10:41:03.342  INFO 5652 --- [restartedMain] .s.d.r.c.RepositoryConfigurationDelegate : Bootstrapping Spring Data JPA repositories in DEFAULT mode.
2021-07-07 10:41:03.437  INFO 5652 --- [restartedMain] .s.d.r.c.RepositoryConfigurationDelegate : Finished Spring Data repository scanning in 79ms. Found 2 JPA repository interfaces.
2021-07-07 10:41:04.646  INFO 5652 --- [restartedMain] o.s.b.w.embedded.tomcat.TomcatWebServer  : Tomcat initialized with port(s): 8080 (http)
2021-07-07 10:41:04.664  INFO 5652 --- [restartedMain] o.apache.catalina.core.StandardService   : Starting service [Tomcat]
2021-07-07 10:41:04.665  INFO 5652 --- [restartedMain] org.apache.catalina.core.StandardEngine  : Starting Servlet engine: [Apache Tomcat/9.0.46]
2021-07-07 10:41:04.870  INFO 5652 --- [restartedMain] o.a.c.c.C.[Tomcat].[localhost].[/]       : Initializing Spring embedded WebApplicationContext
2021-07-07 10:41:04.870  INFO 5652 --- [restartedMain] w.s.c.ServletWebServerApplicationContext : Root WebApplicationContext: initialization completed in 2833 ms
2021-07-07 10:41:04.965  INFO 5652 --- [restartedMain] com.zaxxer.hikari.HikariDataSource       : HikariPool-1 - Starting...
2021-07-07 10:41:05.246  INFO 5652 --- [restartedMain] com.zaxxer.hikari.HikariDataSource       : HikariPool-1 - Start completed.
2021-07-07 10:41:05.259  INFO 5652 --- [restartedMain] o.s.b.a.h2.H2ConsoleAutoConfiguration    : H2 console available at '/h2-console'. Database available at 'jdbc:h2:mem:testdb'
2021-07-07 10:41:05.530  INFO 5652 --- [restartedMain] o.hibernate.jpa.internal.util.LogHelper  : HHH000204: Processing PersistenceUnitInfo [name: default]
2021-07-07 10:41:05.624  INFO 5652 --- [restartedMain] org.hibernate.Version                    : HHH000412: Hibernate ORM core version 5.4.32.Final
2021-07-07 10:41:05.849  INFO 5652 --- [restartedMain] o.hibernate.annotations.common.Version   : HCANN000001: Hibernate Commons Annotations {5.1.2.Final}
2021-07-07 10:41:06.038  INFO 5652 --- [restartedMain] org.hibernate.dialect.Dialect            : HHH000400: Using dialect: org.hibernate.dialect.H2Dialect
2021-07-07 10:41:07.018  INFO 5652 --- [restartedMain] o.h.e.t.j.p.i.JtaPlatformInitiator       : HHH000490: Using JtaPlatform implementation: [org.hibernate.engine.transaction.jta.platform.internal.NoJtaPlatform]
2021-07-07 10:41:07.029  INFO 5652 --- [restartedMain] j.LocalContainerEntityManagerFactoryBean : Initialized JPA EntityManagerFactory for persistence unit 'default'
2021-07-07 10:41:07.055  INFO 5652 --- [restartedMain] o.s.b.d.a.OptionalLiveReloadServer       : LiveReload server is running on port 35729
2021-07-07 10:41:07.714  WARN 5652 --- [restartedMain] JpaBaseConfiguration$JpaWebConfiguration : spring.jpa.open-in-view is enabled by default. Therefore, database queries may be performed during view rendering. Explicitly configure spring.jpa.open-in-view to disable this warning
2021-07-07 10:41:07.892  INFO 5652 --- [restartedMain] o.s.s.concurrent.ThreadPoolTaskExecutor  : Initializing ExecutorService 'applicationTaskExecutor'
2021-07-07 10:41:08.150  WARN 5652 --- [restartedMain] o.s.b.a.batch.JpaBatchConfigurer         : JPA does not support custom isolation levels, so locks may not be taken when launching Jobs
2021-07-07 10:41:08.155  INFO 5652 --- [restartedMain] o.s.b.c.r.s.JobRepositoryFactoryBean     : No database type set, using meta data indicating: H2
2021-07-07 10:41:08.196  INFO 5652 --- [restartedMain] o.s.b.c.l.support.SimpleJobLauncher      : No TaskExecutor has been set, defaulting to synchronous executor.
2021-07-07 10:41:08.378  INFO 5652 --- [restartedMain] o.s.b.w.embedded.tomcat.TomcatWebServer  : Tomcat started on port(s): 8080 (http) with context path ''
2021-07-07 10:41:08.390  INFO 5652 --- [restartedMain] c.s.springbatch.SpringbatchApplication   : Started SpringbatchApplication in 7.019 seconds (JVM running for 7.806)
2021-07-07 10:41:17.461  INFO 5652 --- [http-nio-8080-exec-1] o.a.c.c.C.[Tomcat].[localhost].[/]       : Initializing Spring DispatcherServlet 'dispatcherServlet'
2021-07-07 10:41:17.461  INFO 5652 --- [http-nio-8080-exec-1] o.s.web.servlet.DispatcherServlet        : Initializing Servlet 'dispatcherServlet'
2021-07-07 10:41:17.472  INFO 5652 --- [http-nio-8080-exec-1] o.s.web.servlet.DispatcherServlet        : Completed initialization in 10 ms
2021-07-07 10:41:17.608  INFO 5652 --- [http-nio-8080-exec-1] o.s.b.c.l.support.SimpleJobLauncher      : Job: [SimpleJob: [name=ETL-Load]] launched with the following parameters: [{time=1625634677521}]
2021-07-07 10:41:17.662  INFO 5652 --- [http-nio-8080-exec-1] o.s.batch.core.job.SimpleStepHandler     : Executing step: [Contacts-File-Load]
2021-07-07 10:41:17.707 ERROR 5652 --- [http-nio-8080-exec-1] c.s.springbatch.batch.CustomerProcessor  : Phone number must be 10 digits
2021-07-07 10:41:17.825  INFO 5652 --- [http-nio-8080-exec-1] o.s.batch.core.step.AbstractStep         : Step: [Contacts-File-Load] executed in 162ms
2021-07-07 10:41:17.837  INFO 5652 --- [http-nio-8080-exec-1] o.s.batch.core.job.SimpleStepHandler     : Executing step: [Address-File-Load]
2021-07-07 10:41:17.873 ERROR 5652 --- [http-nio-8080-exec-1] o.s.batch.core.step.AbstractStep         : Encountered an error executing step Address-File-Load in job ETL-Load

java.lang.NullPointerException: null
	at com.shi.springbatch.batch.AddressProcessor.checkPhone(AddressProcessor.java:37) ~[classes/:na]
	at com.shi.springbatch.batch.AddressProcessor.check(AddressProcessor.java:28) ~[classes/:na]
	at com.shi.springbatch.batch.AddressProcessor.process(AddressProcessor.java:19) ~[classes/:na]
	at com.shi.springbatch.batch.AddressProcessor.process(AddressProcessor.java:1) ~[classes/:na]
	at org.springframework.batch.core.step.item.SimpleChunkProcessor.doProcess(SimpleChunkProcessor.java:134) ~[spring-batch-core-4.2.7.RELEASE.jar:4.2.7.RELEASE]
	at org.springframework.batch.core.step.item.SimpleChunkProcessor.transform(SimpleChunkProcessor.java:319) ~[spring-batch-core-4.2.7.RELEASE.jar:4.2.7.RELEASE]
	at org.springframework.batch.core.step.item.SimpleChunkProcessor.process(SimpleChunkProcessor.java:210) ~[spring-batch-core-4.2.7.RELEASE.jar:4.2.7.RELEASE]
	at org.springframework.batch.core.step.item.ChunkOrientedTasklet.execute(ChunkOrientedTasklet.java:77) ~[spring-batch-core-4.2.7.RELEASE.jar:4.2.7.RELEASE]
	at org.springframework.batch.core.step.tasklet.TaskletStep$ChunkTransactionCallback.doInTransaction(TaskletStep.java:407) ~[spring-batch-core-4.2.7.RELEASE.jar:4.2.7.RELEASE]
	at org.springframework.batch.core.step.tasklet.TaskletStep$ChunkTransactionCallback.doInTransaction(TaskletStep.java:331) ~[spring-batch-core-4.2.7.RELEASE.jar:4.2.7.RELEASE]
	at org.springframework.transaction.support.TransactionTemplate.execute(TransactionTemplate.java:140) ~[spring-tx-5.2.15.RELEASE.jar:5.2.15.RELEASE]
	at org.springframework.batch.core.step.tasklet.TaskletStep$2.doInChunkContext(TaskletStep.java:273) ~[spring-batch-core-4.2.7.RELEASE.jar:4.2.7.RELEASE]
	at org.springframework.batch.core.scope.context.StepContextRepeatCallback.doInIteration(StepContextRepeatCallback.java:82) ~[spring-batch-core-4.2.7.RELEASE.jar:4.2.7.RELEASE]
	at org.springframework.batch.repeat.support.RepeatTemplate.getNextResult(RepeatTemplate.java:375) ~[spring-batch-infrastructure-4.2.7.RELEASE.jar:4.2.7.RELEASE]
	at org.springframework.batch.repeat.support.RepeatTemplate.executeInternal(RepeatTemplate.java:215) ~[spring-batch-infrastructure-4.2.7.RELEASE.jar:4.2.7.RELEASE]
	at org.springframework.batch.repeat.support.RepeatTemplate.iterate(RepeatTemplate.java:145) ~[spring-batch-infrastructure-4.2.7.RELEASE.jar:4.2.7.RELEASE]
	at org.springframework.batch.core.step.tasklet.TaskletStep.doExecute(TaskletStep.java:258) ~[spring-batch-core-4.2.7.RELEASE.jar:4.2.7.RELEASE]
	at org.springframework.batch.core.step.AbstractStep.execute(AbstractStep.java:208) ~[spring-batch-core-4.2.7.RELEASE.jar:4.2.7.RELEASE]
	at org.springframework.batch.core.job.SimpleStepHandler.handleStep(SimpleStepHandler.java:152) [spring-batch-core-4.2.7.RELEASE.jar:4.2.7.RELEASE]
	at org.springframework.batch.core.job.AbstractJob.handleStep(AbstractJob.java:412) [spring-batch-core-4.2.7.RELEASE.jar:4.2.7.RELEASE]
	at org.springframework.batch.core.job.SimpleJob.doExecute(SimpleJob.java:136) [spring-batch-core-4.2.7.RELEASE.jar:4.2.7.RELEASE]
	at org.springframework.batch.core.job.AbstractJob.execute(AbstractJob.java:319) [spring-batch-core-4.2.7.RELEASE.jar:4.2.7.RELEASE]
	at org.springframework.batch.core.launch.support.SimpleJobLauncher$1.run(SimpleJobLauncher.java:149) [spring-batch-core-4.2.7.RELEASE.jar:4.2.7.RELEASE]
	at org.springframework.core.task.SyncTaskExecutor.execute(SyncTaskExecutor.java:50) [spring-core-5.2.15.RELEASE.jar:5.2.15.RELEASE]
	at org.springframework.batch.core.launch.support.SimpleJobLauncher.run(SimpleJobLauncher.java:140) [spring-batch-core-4.2.7.RELEASE.jar:4.2.7.RELEASE]
	at sun.reflect.NativeMethodAccessorImpl.invoke0(Native Method) ~[na:1.8.0_11]
	at sun.reflect.NativeMethodAccessorImpl.invoke(NativeMethodAccessorImpl.java:62) ~[na:1.8.0_11]
	at sun.reflect.DelegatingMethodAccessorImpl.invoke(DelegatingMethodAccessorImpl.java:43) ~[na:1.8.0_11]
	at java.lang.reflect.Method.invoke(Method.java:483) ~[na:1.8.0_11]
	at org.springframework.aop.support.AopUtils.invokeJoinpointUsingReflection(AopUtils.java:344) [spring-aop-5.2.15.RELEASE.jar:5.2.15.RELEASE]
	at org.springframework.aop.framework.ReflectiveMethodInvocation.invokeJoinpoint(ReflectiveMethodInvocation.java:198) [spring-aop-5.2.15.RELEASE.jar:5.2.15.RELEASE]
	at org.springframework.aop.framework.ReflectiveMethodInvocation.proceed(ReflectiveMethodInvocation.java:163) [spring-aop-5.2.15.RELEASE.jar:5.2.15.RELEASE]
	at org.springframework.batch.core.configuration.annotation.SimpleBatchConfiguration$PassthruAdvice.invoke(SimpleBatchConfiguration.java:127) [spring-batch-core-4.2.7.RELEASE.jar:4.2.7.RELEASE]
	at org.springframework.aop.framework.ReflectiveMethodInvocation.proceed(ReflectiveMethodInvocation.java:186) [spring-aop-5.2.15.RELEASE.jar:5.2.15.RELEASE]
	at org.springframework.aop.framework.JdkDynamicAopProxy.invoke(JdkDynamicAopProxy.java:212) [spring-aop-5.2.15.RELEASE.jar:5.2.15.RELEASE]
	at com.sun.proxy.$Proxy86.run(Unknown Source) [na:na]
	at com.shi.springbatch.controller.LoadController.load(LoadController.java:43) [classes/:na]
	at sun.reflect.NativeMethodAccessorImpl.invoke0(Native Method) ~[na:1.8.0_11]
	at sun.reflect.NativeMethodAccessorImpl.invoke(NativeMethodAccessorImpl.java:62) ~[na:1.8.0_11]
	at sun.reflect.DelegatingMethodAccessorImpl.invoke(DelegatingMethodAccessorImpl.java:43) ~[na:1.8.0_11]
	at java.lang.reflect.Method.invoke(Method.java:483) ~[na:1.8.0_11]
	at org.springframework.web.method.support.InvocableHandlerMethod.doInvoke(InvocableHandlerMethod.java:190) [spring-web-5.2.15.RELEASE.jar:5.2.15.RELEASE]
	at org.springframework.web.method.support.InvocableHandlerMethod.invokeForRequest(InvocableHandlerMethod.java:138) [spring-web-5.2.15.RELEASE.jar:5.2.15.RELEASE]
	at org.springframework.web.servlet.mvc.method.annotation.ServletInvocableHandlerMethod.invokeAndHandle(ServletInvocableHandlerMethod.java:105) [spring-webmvc-5.2.15.RELEASE.jar:5.2.15.RELEASE]
	at org.springframework.web.servlet.mvc.method.annotation.RequestMappingHandlerAdapter.invokeHandlerMethod(RequestMappingHandlerAdapter.java:878) [spring-webmvc-5.2.15.RELEASE.jar:5.2.15.RELEASE]
	at org.springframework.web.servlet.mvc.method.annotation.RequestMappingHandlerAdapter.handleInternal(RequestMappingHandlerAdapter.java:792) [spring-webmvc-5.2.15.RELEASE.jar:5.2.15.RELEASE]
	at org.springframework.web.servlet.mvc.method.AbstractHandlerMethodAdapter.handle(AbstractHandlerMethodAdapter.java:87) [spring-webmvc-5.2.15.RELEASE.jar:5.2.15.RELEASE]
	at org.springframework.web.servlet.DispatcherServlet.doDispatch(DispatcherServlet.java:1040) [spring-webmvc-5.2.15.RELEASE.jar:5.2.15.RELEASE]
	at org.springframework.web.servlet.DispatcherServlet.doService(DispatcherServlet.java:943) [spring-webmvc-5.2.15.RELEASE.jar:5.2.15.RELEASE]
	at org.springframework.web.servlet.FrameworkServlet.processRequest(FrameworkServlet.java:1006) [spring-webmvc-5.2.15.RELEASE.jar:5.2.15.RELEASE]
	at org.springframework.web.servlet.FrameworkServlet.doGet(FrameworkServlet.java:898) [spring-webmvc-5.2.15.RELEASE.jar:5.2.15.RELEASE]
	at javax.servlet.http.HttpServlet.service(HttpServlet.java:626) [tomcat-embed-core-9.0.46.jar:4.0.FR]
	at org.springframework.web.servlet.FrameworkServlet.service(FrameworkServlet.java:883) [spring-webmvc-5.2.15.RELEASE.jar:5.2.15.RELEASE]
	at javax.servlet.http.HttpServlet.service(HttpServlet.java:733) [tomcat-embed-core-9.0.46.jar:4.0.FR]
	at org.apache.catalina.core.ApplicationFilterChain.internalDoFilter(ApplicationFilterChain.java:227) [tomcat-embed-core-9.0.46.jar:9.0.46]
	at org.apache.catalina.core.ApplicationFilterChain.doFilter(ApplicationFilterChain.java:162) [tomcat-embed-core-9.0.46.jar:9.0.46]
	at org.apache.tomcat.websocket.server.WsFilter.doFilter(WsFilter.java:53) [tomcat-embed-websocket-9.0.46.jar:9.0.46]
	at org.apache.catalina.core.ApplicationFilterChain.internalDoFilter(ApplicationFilterChain.java:189) [tomcat-embed-core-9.0.46.jar:9.0.46]
	at org.apache.catalina.core.ApplicationFilterChain.doFilter(ApplicationFilterChain.java:162) [tomcat-embed-core-9.0.46.jar:9.0.46]
	at org.springframework.web.filter.RequestContextFilter.doFilterInternal(RequestContextFilter.java:100) [spring-web-5.2.15.RELEASE.jar:5.2.15.RELEASE]
	at org.springframework.web.filter.OncePerRequestFilter.doFilter(OncePerRequestFilter.java:119) [spring-web-5.2.15.RELEASE.jar:5.2.15.RELEASE]
	at org.apache.catalina.core.ApplicationFilterChain.internalDoFilter(ApplicationFilterChain.java:189) [tomcat-embed-core-9.0.46.jar:9.0.46]
	at org.apache.catalina.core.ApplicationFilterChain.doFilter(ApplicationFilterChain.java:162) [tomcat-embed-core-9.0.46.jar:9.0.46]
	at org.springframework.web.filter.FormContentFilter.doFilterInternal(FormContentFilter.java:93) [spring-web-5.2.15.RELEASE.jar:5.2.15.RELEASE]
	at org.springframework.web.filter.OncePerRequestFilter.doFilter(OncePerRequestFilter.java:119) [spring-web-5.2.15.RELEASE.jar:5.2.15.RELEASE]
	at org.apache.catalina.core.ApplicationFilterChain.internalDoFilter(ApplicationFilterChain.java:189) [tomcat-embed-core-9.0.46.jar:9.0.46]
	at org.apache.catalina.core.ApplicationFilterChain.doFilter(ApplicationFilterChain.java:162) [tomcat-embed-core-9.0.46.jar:9.0.46]
	at org.springframework.web.filter.CharacterEncodingFilter.doFilterInternal(CharacterEncodingFilter.java:201) [spring-web-5.2.15.RELEASE.jar:5.2.15.RELEASE]
	at org.springframework.web.filter.OncePerRequestFilter.doFilter(OncePerRequestFilter.java:119) [spring-web-5.2.15.RELEASE.jar:5.2.15.RELEASE]
	at org.apache.catalina.core.ApplicationFilterChain.internalDoFilter(ApplicationFilterChain.java:189) [tomcat-embed-core-9.0.46.jar:9.0.46]
	at org.apache.catalina.core.ApplicationFilterChain.doFilter(ApplicationFilterChain.java:162) [tomcat-embed-core-9.0.46.jar:9.0.46]
	at org.apache.catalina.core.StandardWrapperValve.invoke(StandardWrapperValve.java:202) [tomcat-embed-core-9.0.46.jar:9.0.46]
	at org.apache.catalina.core.StandardContextValve.invoke(StandardContextValve.java:97) [tomcat-embed-core-9.0.46.jar:9.0.46]
	at org.apache.catalina.authenticator.AuthenticatorBase.invoke(AuthenticatorBase.java:542) [tomcat-embed-core-9.0.46.jar:9.0.46]
	at org.apache.catalina.core.StandardHostValve.invoke(StandardHostValve.java:143) [tomcat-embed-core-9.0.46.jar:9.0.46]
	at org.apache.catalina.valves.ErrorReportValve.invoke(ErrorReportValve.java:92) [tomcat-embed-core-9.0.46.jar:9.0.46]
	at org.apache.catalina.core.StandardEngineValve.invoke(StandardEngineValve.java:78) [tomcat-embed-core-9.0.46.jar:9.0.46]
	at org.apache.catalina.connector.CoyoteAdapter.service(CoyoteAdapter.java:357) [tomcat-embed-core-9.0.46.jar:9.0.46]
	at org.apache.coyote.http11.Http11Processor.service(Http11Processor.java:374) [tomcat-embed-core-9.0.46.jar:9.0.46]
	at org.apache.coyote.AbstractProcessorLight.process(AbstractProcessorLight.java:65) [tomcat-embed-core-9.0.46.jar:9.0.46]
	at org.apache.coyote.AbstractProtocol$ConnectionHandler.process(AbstractProtocol.java:893) [tomcat-embed-core-9.0.46.jar:9.0.46]
	at org.apache.tomcat.util.net.NioEndpoint$SocketProcessor.doRun(NioEndpoint.java:1707) [tomcat-embed-core-9.0.46.jar:9.0.46]
	at org.apache.tomcat.util.net.SocketProcessorBase.run(SocketProcessorBase.java:49) [tomcat-embed-core-9.0.46.jar:9.0.46]
	at java.util.concurrent.ThreadPoolExecutor.runWorker(ThreadPoolExecutor.java:1142) [na:1.8.0_11]
	at java.util.concurrent.ThreadPoolExecutor$Worker.run(ThreadPoolExecutor.java:617) [na:1.8.0_11]
	at org.apache.tomcat.util.threads.TaskThread$WrappingRunnable.run(TaskThread.java:61) [tomcat-embed-core-9.0.46.jar:9.0.46]
	at java.lang.Thread.run(Thread.java:745) [na:1.8.0_11]

2021-07-07 10:41:17.876  INFO 5652 --- [http-nio-8080-exec-1] o.s.batch.core.step.AbstractStep         : Step: [Address-File-Load] executed in 39ms
2021-07-07 10:41:17.882  INFO 5652 --- [http-nio-8080-exec-1] o.s.b.c.l.support.SimpleJobLauncher      : Job: [SimpleJob: [name=ETL-Load]] completed with the following parameters: [{time=1625634677521}] and the following status: [FAILED] in 245ms
2021-07-07 10:44:15.461  INFO 8988 --- [restartedMain] c.s.springbatch.SpringbatchApplication   : Starting SpringbatchApplication on SHI58495EU1172F with PID 8988 (C:\Users\kreddy0\Desktop\springbatch\springbatch\target\classes started by kreddy0 in C:\Users\kreddy0\Desktop\springbatch\springbatch)
2021-07-07 10:44:15.473 DEBUG 8988 --- [restartedMain] c.s.springbatch.SpringbatchApplication   : Running with Spring Boot v2.3.12.RELEASE, Spring v5.2.15.RELEASE
2021-07-07 10:44:15.473  INFO 8988 --- [restartedMain] c.s.springbatch.SpringbatchApplication   : No active profile set, falling back to default profiles: default
2021-07-07 10:44:15.586  INFO 8988 --- [restartedMain] .e.DevToolsPropertyDefaultsPostProcessor : Devtools property defaults active! Set 'spring.devtools.add-properties' to 'false' to disable
2021-07-07 10:44:15.587  INFO 8988 --- [restartedMain] .e.DevToolsPropertyDefaultsPostProcessor : For additional web related logging consider setting the 'logging.level.web' property to 'DEBUG'
2021-07-07 10:44:16.983  INFO 8988 --- [restartedMain] .s.d.r.c.RepositoryConfigurationDelegate : Bootstrapping Spring Data JPA repositories in DEFAULT mode.
2021-07-07 10:44:17.084  INFO 8988 --- [restartedMain] .s.d.r.c.RepositoryConfigurationDelegate : Finished Spring Data repository scanning in 88ms. Found 2 JPA repository interfaces.
2021-07-07 10:44:18.265  INFO 8988 --- [restartedMain] o.s.b.w.embedded.tomcat.TomcatWebServer  : Tomcat initialized with port(s): 8080 (http)
2021-07-07 10:44:18.279  INFO 8988 --- [restartedMain] o.apache.catalina.core.StandardService   : Starting service [Tomcat]
2021-07-07 10:44:18.279  INFO 8988 --- [restartedMain] org.apache.catalina.core.StandardEngine  : Starting Servlet engine: [Apache Tomcat/9.0.46]
2021-07-07 10:44:18.455  INFO 8988 --- [restartedMain] o.a.c.c.C.[Tomcat].[localhost].[/]       : Initializing Spring embedded WebApplicationContext
2021-07-07 10:44:18.456  INFO 8988 --- [restartedMain] w.s.c.ServletWebServerApplicationContext : Root WebApplicationContext: initialization completed in 2868 ms
2021-07-07 10:44:18.521  INFO 8988 --- [restartedMain] com.zaxxer.hikari.HikariDataSource       : HikariPool-1 - Starting...
2021-07-07 10:44:18.817  INFO 8988 --- [restartedMain] com.zaxxer.hikari.HikariDataSource       : HikariPool-1 - Start completed.
2021-07-07 10:44:18.831  INFO 8988 --- [restartedMain] o.s.b.a.h2.H2ConsoleAutoConfiguration    : H2 console available at '/h2-console'. Database available at 'jdbc:h2:mem:testdb'
2021-07-07 10:44:19.087  INFO 8988 --- [restartedMain] o.hibernate.jpa.internal.util.LogHelper  : HHH000204: Processing PersistenceUnitInfo [name: default]
2021-07-07 10:44:19.169  INFO 8988 --- [restartedMain] org.hibernate.Version                    : HHH000412: Hibernate ORM core version 5.4.32.Final
2021-07-07 10:44:19.389  INFO 8988 --- [restartedMain] o.hibernate.annotations.common.Version   : HCANN000001: Hibernate Commons Annotations {5.1.2.Final}
2021-07-07 10:44:19.594  INFO 8988 --- [restartedMain] org.hibernate.dialect.Dialect            : HHH000400: Using dialect: org.hibernate.dialect.H2Dialect
2021-07-07 10:44:20.601  INFO 8988 --- [restartedMain] o.h.e.t.j.p.i.JtaPlatformInitiator       : HHH000490: Using JtaPlatform implementation: [org.hibernate.engine.transaction.jta.platform.internal.NoJtaPlatform]
2021-07-07 10:44:20.613  INFO 8988 --- [restartedMain] j.LocalContainerEntityManagerFactoryBean : Initialized JPA EntityManagerFactory for persistence unit 'default'
2021-07-07 10:44:20.639  INFO 8988 --- [restartedMain] o.s.b.d.a.OptionalLiveReloadServer       : LiveReload server is running on port 35729
2021-07-07 10:44:21.285  WARN 8988 --- [restartedMain] JpaBaseConfiguration$JpaWebConfiguration : spring.jpa.open-in-view is enabled by default. Therefore, database queries may be performed during view rendering. Explicitly configure spring.jpa.open-in-view to disable this warning
2021-07-07 10:44:21.447  INFO 8988 --- [restartedMain] o.s.s.concurrent.ThreadPoolTaskExecutor  : Initializing ExecutorService 'applicationTaskExecutor'
2021-07-07 10:44:21.753  WARN 8988 --- [restartedMain] o.s.b.a.batch.JpaBatchConfigurer         : JPA does not support custom isolation levels, so locks may not be taken when launching Jobs
2021-07-07 10:44:21.758  INFO 8988 --- [restartedMain] o.s.b.c.r.s.JobRepositoryFactoryBean     : No database type set, using meta data indicating: H2
2021-07-07 10:44:21.799  INFO 8988 --- [restartedMain] o.s.b.c.l.support.SimpleJobLauncher      : No TaskExecutor has been set, defaulting to synchronous executor.
2021-07-07 10:44:21.972  INFO 8988 --- [restartedMain] o.s.b.w.embedded.tomcat.TomcatWebServer  : Tomcat started on port(s): 8080 (http) with context path ''
2021-07-07 10:44:21.985  INFO 8988 --- [restartedMain] c.s.springbatch.SpringbatchApplication   : Started SpringbatchApplication in 7.054 seconds (JVM running for 7.833)
2021-07-07 10:44:25.845  INFO 8988 --- [http-nio-8080-exec-1] o.a.c.c.C.[Tomcat].[localhost].[/]       : Initializing Spring DispatcherServlet 'dispatcherServlet'
2021-07-07 10:44:25.846  INFO 8988 --- [http-nio-8080-exec-1] o.s.web.servlet.DispatcherServlet        : Initializing Servlet 'dispatcherServlet'
2021-07-07 10:44:25.863  INFO 8988 --- [http-nio-8080-exec-1] o.s.web.servlet.DispatcherServlet        : Completed initialization in 17 ms
2021-07-07 10:44:25.996  INFO 8988 --- [http-nio-8080-exec-1] o.s.b.c.l.support.SimpleJobLauncher      : Job: [SimpleJob: [name=ETL-Load]] launched with the following parameters: [{time=1625634865907}]
2021-07-07 10:44:26.055  INFO 8988 --- [http-nio-8080-exec-1] o.s.batch.core.job.SimpleStepHandler     : Executing step: [Contacts-File-Load]
2021-07-07 10:44:26.103 ERROR 8988 --- [http-nio-8080-exec-1] c.s.springbatch.batch.CustomerProcessor  : Phone number must be 10 digits
2021-07-07 10:44:26.226  INFO 8988 --- [http-nio-8080-exec-1] o.s.batch.core.step.AbstractStep         : Step: [Contacts-File-Load] executed in 169ms
2021-07-07 10:44:26.238  INFO 8988 --- [http-nio-8080-exec-1] o.s.batch.core.job.SimpleStepHandler     : Executing step: [Address-File-Load]
2021-07-07 10:44:26.267  INFO 8988 --- [http-nio-8080-exec-1] o.s.batch.core.step.AbstractStep         : Step: [Address-File-Load] executed in 28ms
2021-07-07 10:44:26.274  INFO 8988 --- [http-nio-8080-exec-1] o.s.b.c.l.support.SimpleJobLauncher      : Job: [SimpleJob: [name=ETL-Load]] completed with the following parameters: [{time=1625634865907}] and the following status: [COMPLETED] in 247ms
2021-07-07 11:02:55.603  INFO 312 --- [restartedMain] c.s.springbatch.SpringbatchApplication   : Starting SpringbatchApplication on SHI58495EU1172F with PID 312 (C:\Users\kreddy0\Desktop\springbatch\springbatch\target\classes started by kreddy0 in C:\Users\kreddy0\Desktop\springbatch\springbatch)
2021-07-07 11:02:55.614 DEBUG 312 --- [restartedMain] c.s.springbatch.SpringbatchApplication   : Running with Spring Boot v2.3.12.RELEASE, Spring v5.2.15.RELEASE
2021-07-07 11:02:55.615  INFO 312 --- [restartedMain] c.s.springbatch.SpringbatchApplication   : No active profile set, falling back to default profiles: default
2021-07-07 11:02:55.895  INFO 312 --- [restartedMain] .e.DevToolsPropertyDefaultsPostProcessor : Devtools property defaults active! Set 'spring.devtools.add-properties' to 'false' to disable
2021-07-07 11:02:55.895  INFO 312 --- [restartedMain] .e.DevToolsPropertyDefaultsPostProcessor : For additional web related logging consider setting the 'logging.level.web' property to 'DEBUG'
2021-07-07 11:02:57.177  INFO 312 --- [restartedMain] .s.d.r.c.RepositoryConfigurationDelegate : Bootstrapping Spring Data JPA repositories in DEFAULT mode.
2021-07-07 11:02:57.284  INFO 312 --- [restartedMain] .s.d.r.c.RepositoryConfigurationDelegate : Finished Spring Data repository scanning in 88ms. Found 2 JPA repository interfaces.
2021-07-07 11:02:58.418  INFO 312 --- [restartedMain] o.s.b.w.embedded.tomcat.TomcatWebServer  : Tomcat initialized with port(s): 8080 (http)
2021-07-07 11:02:58.431  INFO 312 --- [restartedMain] o.apache.catalina.core.StandardService   : Starting service [Tomcat]
2021-07-07 11:02:58.432  INFO 312 --- [restartedMain] org.apache.catalina.core.StandardEngine  : Starting Servlet engine: [Apache Tomcat/9.0.46]
2021-07-07 11:02:58.640  INFO 312 --- [restartedMain] o.a.c.c.C.[Tomcat].[localhost].[/]       : Initializing Spring embedded WebApplicationContext
2021-07-07 11:02:58.640  INFO 312 --- [restartedMain] w.s.c.ServletWebServerApplicationContext : Root WebApplicationContext: initialization completed in 2744 ms
2021-07-07 11:02:58.710  INFO 312 --- [restartedMain] com.zaxxer.hikari.HikariDataSource       : HikariPool-1 - Starting...
2021-07-07 11:02:58.961  INFO 312 --- [restartedMain] com.zaxxer.hikari.HikariDataSource       : HikariPool-1 - Start completed.
2021-07-07 11:02:58.971  INFO 312 --- [restartedMain] o.s.b.a.h2.H2ConsoleAutoConfiguration    : H2 console available at '/h2-console'. Database available at 'jdbc:h2:mem:testdb'
2021-07-07 11:02:59.219  INFO 312 --- [restartedMain] o.hibernate.jpa.internal.util.LogHelper  : HHH000204: Processing PersistenceUnitInfo [name: default]
2021-07-07 11:02:59.325  INFO 312 --- [restartedMain] org.hibernate.Version                    : HHH000412: Hibernate ORM core version 5.4.32.Final
2021-07-07 11:02:59.557  INFO 312 --- [restartedMain] o.hibernate.annotations.common.Version   : HCANN000001: Hibernate Commons Annotations {5.1.2.Final}
2021-07-07 11:02:59.736  INFO 312 --- [restartedMain] org.hibernate.dialect.Dialect            : HHH000400: Using dialect: org.hibernate.dialect.H2Dialect
2021-07-07 11:03:00.720  INFO 312 --- [restartedMain] o.h.e.t.j.p.i.JtaPlatformInitiator       : HHH000490: Using JtaPlatform implementation: [org.hibernate.engine.transaction.jta.platform.internal.NoJtaPlatform]
2021-07-07 11:03:00.730  INFO 312 --- [restartedMain] j.LocalContainerEntityManagerFactoryBean : Initialized JPA EntityManagerFactory for persistence unit 'default'
2021-07-07 11:03:00.788  INFO 312 --- [restartedMain] o.s.b.d.a.OptionalLiveReloadServer       : LiveReload server is running on port 35729
2021-07-07 11:03:01.429  WARN 312 --- [restartedMain] JpaBaseConfiguration$JpaWebConfiguration : spring.jpa.open-in-view is enabled by default. Therefore, database queries may be performed during view rendering. Explicitly configure spring.jpa.open-in-view to disable this warning
2021-07-07 11:03:01.599  INFO 312 --- [restartedMain] o.s.s.concurrent.ThreadPoolTaskExecutor  : Initializing ExecutorService 'applicationTaskExecutor'
2021-07-07 11:03:01.863  WARN 312 --- [restartedMain] o.s.b.a.batch.JpaBatchConfigurer         : JPA does not support custom isolation levels, so locks may not be taken when launching Jobs
2021-07-07 11:03:01.866  INFO 312 --- [restartedMain] o.s.b.c.r.s.JobRepositoryFactoryBean     : No database type set, using meta data indicating: H2
2021-07-07 11:03:01.895  INFO 312 --- [restartedMain] o.s.b.c.l.support.SimpleJobLauncher      : No TaskExecutor has been set, defaulting to synchronous executor.
2021-07-07 11:03:02.047  INFO 312 --- [restartedMain] o.s.b.w.embedded.tomcat.TomcatWebServer  : Tomcat started on port(s): 8080 (http) with context path ''
2021-07-07 11:03:02.060  INFO 312 --- [restartedMain] c.s.springbatch.SpringbatchApplication   : Started SpringbatchApplication in 7.007 seconds (JVM running for 7.796)
2021-07-07 11:03:12.689  INFO 312 --- [http-nio-8080-exec-1] o.a.c.c.C.[Tomcat].[localhost].[/]       : Initializing Spring DispatcherServlet 'dispatcherServlet'
2021-07-07 11:03:12.689  INFO 312 --- [http-nio-8080-exec-1] o.s.web.servlet.DispatcherServlet        : Initializing Servlet 'dispatcherServlet'
2021-07-07 11:03:12.699  INFO 312 --- [http-nio-8080-exec-1] o.s.web.servlet.DispatcherServlet        : Completed initialization in 9 ms
2021-07-07 11:03:12.824  INFO 312 --- [http-nio-8080-exec-1] o.s.b.c.l.support.SimpleJobLauncher      : Job: [SimpleJob: [name=ETL-Load]] launched with the following parameters: [{time=1625635992740}]
2021-07-07 11:03:12.876  INFO 312 --- [http-nio-8080-exec-1] o.s.batch.core.job.SimpleStepHandler     : Executing step: [Contacts-File-Load]
2021-07-07 11:03:12.921 ERROR 312 --- [http-nio-8080-exec-1] c.s.springbatch.batch.CustomerProcessor  : Phone number must be 10 digits
2021-07-07 11:03:13.024  INFO 312 --- [http-nio-8080-exec-1] o.s.batch.core.step.AbstractStep         : Step: [Contacts-File-Load] executed in 146ms
2021-07-07 11:03:13.042  INFO 312 --- [http-nio-8080-exec-1] o.s.batch.core.job.SimpleStepHandler     : Executing step: [Address-File-Load]
2021-07-07 11:03:13.078  INFO 312 --- [http-nio-8080-exec-1] o.s.batch.core.step.AbstractStep         : Step: [Address-File-Load] executed in 35ms
2021-07-07 11:03:13.084  INFO 312 --- [http-nio-8080-exec-1] o.s.b.c.l.support.SimpleJobLauncher      : Job: [SimpleJob: [name=ETL-Load]] completed with the following parameters: [{time=1625635992740}] and the following status: [COMPLETED] in 230ms
2021-07-07 11:08:03.889  INFO 8932 --- [restartedMain] c.s.springbatch.SpringbatchApplication   : Starting SpringbatchApplication on SHI58495EU1172F with PID 8932 (C:\Users\kreddy0\Desktop\springbatch\springbatch\target\classes started by kreddy0 in C:\Users\kreddy0\Desktop\springbatch\springbatch)
2021-07-07 11:08:03.893 DEBUG 8932 --- [restartedMain] c.s.springbatch.SpringbatchApplication   : Running with Spring Boot v2.3.12.RELEASE, Spring v5.2.15.RELEASE
2021-07-07 11:08:03.894  INFO 8932 --- [restartedMain] c.s.springbatch.SpringbatchApplication   : No active profile set, falling back to default profiles: default
2021-07-07 11:08:04.005  INFO 8932 --- [restartedMain] .e.DevToolsPropertyDefaultsPostProcessor : Devtools property defaults active! Set 'spring.devtools.add-properties' to 'false' to disable
2021-07-07 11:08:04.005  INFO 8932 --- [restartedMain] .e.DevToolsPropertyDefaultsPostProcessor : For additional web related logging consider setting the 'logging.level.web' property to 'DEBUG'
2021-07-07 11:08:05.610  INFO 8932 --- [restartedMain] .s.d.r.c.RepositoryConfigurationDelegate : Bootstrapping Spring Data JPA repositories in DEFAULT mode.
2021-07-07 11:08:05.706  INFO 8932 --- [restartedMain] .s.d.r.c.RepositoryConfigurationDelegate : Finished Spring Data repository scanning in 79ms. Found 2 JPA repository interfaces.
2021-07-07 11:08:06.913  INFO 8932 --- [restartedMain] o.s.b.w.embedded.tomcat.TomcatWebServer  : Tomcat initialized with port(s): 8080 (http)
2021-07-07 11:08:06.928  INFO 8932 --- [restartedMain] o.apache.catalina.core.StandardService   : Starting service [Tomcat]
2021-07-07 11:08:06.928  INFO 8932 --- [restartedMain] org.apache.catalina.core.StandardEngine  : Starting Servlet engine: [Apache Tomcat/9.0.46]
2021-07-07 11:08:07.151  INFO 8932 --- [restartedMain] o.a.c.c.C.[Tomcat].[localhost].[/]       : Initializing Spring embedded WebApplicationContext
2021-07-07 11:08:07.152  INFO 8932 --- [restartedMain] w.s.c.ServletWebServerApplicationContext : Root WebApplicationContext: initialization completed in 3146 ms
2021-07-07 11:08:07.219  INFO 8932 --- [restartedMain] com.zaxxer.hikari.HikariDataSource       : HikariPool-1 - Starting...
2021-07-07 11:08:07.516  INFO 8932 --- [restartedMain] com.zaxxer.hikari.HikariDataSource       : HikariPool-1 - Start completed.
2021-07-07 11:08:07.526  INFO 8932 --- [restartedMain] o.s.b.a.h2.H2ConsoleAutoConfiguration    : H2 console available at '/h2-console'. Database available at 'jdbc:h2:mem:testdb'
2021-07-07 11:08:07.775  INFO 8932 --- [restartedMain] o.hibernate.jpa.internal.util.LogHelper  : HHH000204: Processing PersistenceUnitInfo [name: default]
2021-07-07 11:08:07.879  INFO 8932 --- [restartedMain] org.hibernate.Version                    : HHH000412: Hibernate ORM core version 5.4.32.Final
2021-07-07 11:08:08.172  INFO 8932 --- [restartedMain] o.hibernate.annotations.common.Version   : HCANN000001: Hibernate Commons Annotations {5.1.2.Final}
2021-07-07 11:08:08.475  INFO 8932 --- [restartedMain] org.hibernate.dialect.Dialect            : HHH000400: Using dialect: org.hibernate.dialect.H2Dialect
2021-07-07 11:08:09.818  INFO 8932 --- [restartedMain] o.h.e.t.j.p.i.JtaPlatformInitiator       : HHH000490: Using JtaPlatform implementation: [org.hibernate.engine.transaction.jta.platform.internal.NoJtaPlatform]
2021-07-07 11:08:09.829  INFO 8932 --- [restartedMain] j.LocalContainerEntityManagerFactoryBean : Initialized JPA EntityManagerFactory for persistence unit 'default'
2021-07-07 11:08:09.854  INFO 8932 --- [restartedMain] o.s.b.d.a.OptionalLiveReloadServer       : LiveReload server is running on port 35729
2021-07-07 11:08:10.552  WARN 8932 --- [restartedMain] JpaBaseConfiguration$JpaWebConfiguration : spring.jpa.open-in-view is enabled by default. Therefore, database queries may be performed during view rendering. Explicitly configure spring.jpa.open-in-view to disable this warning
2021-07-07 11:08:10.722  INFO 8932 --- [restartedMain] o.s.s.concurrent.ThreadPoolTaskExecutor  : Initializing ExecutorService 'applicationTaskExecutor'
2021-07-07 11:08:10.975  WARN 8932 --- [restartedMain] o.s.b.a.batch.JpaBatchConfigurer         : JPA does not support custom isolation levels, so locks may not be taken when launching Jobs
2021-07-07 11:08:10.978  INFO 8932 --- [restartedMain] o.s.b.c.r.s.JobRepositoryFactoryBean     : No database type set, using meta data indicating: H2
2021-07-07 11:08:11.007  INFO 8932 --- [restartedMain] o.s.b.c.l.support.SimpleJobLauncher      : No TaskExecutor has been set, defaulting to synchronous executor.
2021-07-07 11:08:11.187  INFO 8932 --- [restartedMain] o.s.b.w.embedded.tomcat.TomcatWebServer  : Tomcat started on port(s): 8080 (http) with context path ''
2021-07-07 11:08:11.201  INFO 8932 --- [restartedMain] c.s.springbatch.SpringbatchApplication   : Started SpringbatchApplication in 7.845 seconds (JVM running for 8.657)
2021-07-07 11:08:21.623  INFO 8932 --- [http-nio-8080-exec-3] o.a.c.c.C.[Tomcat].[localhost].[/]       : Initializing Spring DispatcherServlet 'dispatcherServlet'
2021-07-07 11:08:21.623  INFO 8932 --- [http-nio-8080-exec-3] o.s.web.servlet.DispatcherServlet        : Initializing Servlet 'dispatcherServlet'
2021-07-07 11:08:21.633  INFO 8932 --- [http-nio-8080-exec-3] o.s.web.servlet.DispatcherServlet        : Completed initialization in 9 ms
2021-07-07 11:08:21.743  INFO 8932 --- [http-nio-8080-exec-3] o.s.b.c.l.support.SimpleJobLauncher      : Job: [SimpleJob: [name=ETL-Load]] launched with the following parameters: [{time=1625636301669}]
2021-07-07 11:08:21.799  INFO 8932 --- [http-nio-8080-exec-3] o.s.batch.core.job.SimpleStepHandler     : Executing step: [Contacts-File-Load]
2021-07-07 11:08:21.841 ERROR 8932 --- [http-nio-8080-exec-3] c.s.springbatch.batch.CustomerProcessor  : Phone number must be 10 digits
2021-07-07 11:08:21.941  INFO 8932 --- [http-nio-8080-exec-3] o.s.batch.core.step.AbstractStep         : Step: [Contacts-File-Load] executed in 141ms
2021-07-07 11:08:21.951  INFO 8932 --- [http-nio-8080-exec-3] o.s.batch.core.job.SimpleStepHandler     : Executing step: [Address-File-Load]
2021-07-07 11:08:21.985  INFO 8932 --- [http-nio-8080-exec-3] o.s.batch.core.step.AbstractStep         : Step: [Address-File-Load] executed in 34ms
2021-07-07 11:08:21.994  INFO 8932 --- [http-nio-8080-exec-3] o.s.b.c.l.support.SimpleJobLauncher      : Job: [SimpleJob: [name=ETL-Load]] completed with the following parameters: [{time=1625636301669}] and the following status: [COMPLETED] in 215ms
2021-07-07 11:09:26.841  INFO 8932 --- [Thread-6] o.s.s.concurrent.ThreadPoolTaskExecutor  : Shutting down ExecutorService 'applicationTaskExecutor'
2021-07-07 11:09:26.843  INFO 8932 --- [Thread-6] j.LocalContainerEntityManagerFactoryBean : Closing JPA EntityManagerFactory for persistence unit 'default'
2021-07-07 11:09:26.843  INFO 8932 --- [Thread-6] .SchemaDropperImpl$DelayedDropActionImpl : HHH000477: Starting delayed evictData of schema as part of SessionFactory shut-down'
2021-07-07 11:09:27.070  WARN 8932 --- [Thread-6] o.s.b.f.support.DisposableBeanAdapter    : Invocation of destroy method failed on bean with name 'inMemoryDatabaseShutdownExecutor': org.h2.jdbc.JdbcSQLNonTransientConnectionException: Database is already closed (to disable automatic closing at VM shutdown, add ";DB_CLOSE_ON_EXIT=FALSE" to the db URL) [90121-200]
2021-07-07 11:09:27.070  INFO 8932 --- [Thread-6] com.zaxxer.hikari.HikariDataSource       : HikariPool-1 - Shutdown initiated...
2021-07-07 11:09:27.082  INFO 8932 --- [Thread-6] com.zaxxer.hikari.HikariDataSource       : HikariPool-1 - Shutdown completed.
2021-07-07 11:09:27.415  INFO 8932 --- [restartedMain] c.s.springbatch.SpringbatchApplication   : Starting SpringbatchApplication on SHI58495EU1172F with PID 8932 (C:\Users\kreddy0\Desktop\springbatch\springbatch\target\classes started by kreddy0 in C:\Users\kreddy0\Desktop\springbatch\springbatch)
2021-07-07 11:09:27.416 DEBUG 8932 --- [restartedMain] c.s.springbatch.SpringbatchApplication   : Running with Spring Boot v2.3.12.RELEASE, Spring v5.2.15.RELEASE
2021-07-07 11:09:27.416  INFO 8932 --- [restartedMain] c.s.springbatch.SpringbatchApplication   : No active profile set, falling back to default profiles: default
2021-07-07 11:09:27.777  INFO 8932 --- [restartedMain] .s.d.r.c.RepositoryConfigurationDelegate : Bootstrapping Spring Data JPA repositories in DEFAULT mode.
2021-07-07 11:09:27.801  INFO 8932 --- [restartedMain] .s.d.r.c.RepositoryConfigurationDelegate : Finished Spring Data repository scanning in 23ms. Found 2 JPA repository interfaces.
2021-07-07 11:09:28.032  INFO 8932 --- [restartedMain] o.s.b.w.embedded.tomcat.TomcatWebServer  : Tomcat initialized with port(s): 8080 (http)
2021-07-07 11:09:28.033  INFO 8932 --- [restartedMain] o.apache.catalina.core.StandardService   : Starting service [Tomcat]
2021-07-07 11:09:28.034  INFO 8932 --- [restartedMain] org.apache.catalina.core.StandardEngine  : Starting Servlet engine: [Apache Tomcat/9.0.46]
2021-07-07 11:09:28.115  INFO 8932 --- [restartedMain] o.a.c.c.C.[Tomcat].[localhost].[/]       : Initializing Spring embedded WebApplicationContext
2021-07-07 11:09:28.116  INFO 8932 --- [restartedMain] w.s.c.ServletWebServerApplicationContext : Root WebApplicationContext: initialization completed in 694 ms
2021-07-07 11:09:28.141  INFO 8932 --- [restartedMain] com.zaxxer.hikari.HikariDataSource       : HikariPool-2 - Starting...
2021-07-07 11:09:28.144  INFO 8932 --- [restartedMain] com.zaxxer.hikari.HikariDataSource       : HikariPool-2 - Start completed.
2021-07-07 11:09:28.144  INFO 8932 --- [restartedMain] o.s.b.a.h2.H2ConsoleAutoConfiguration    : H2 console available at '/h2-console'. Database available at 'jdbc:h2:mem:testdb'
2021-07-07 11:09:28.180  INFO 8932 --- [restartedMain] o.hibernate.jpa.internal.util.LogHelper  : HHH000204: Processing PersistenceUnitInfo [name: default]
2021-07-07 11:09:28.186  INFO 8932 --- [restartedMain] org.hibernate.dialect.Dialect            : HHH000400: Using dialect: org.hibernate.dialect.H2Dialect
2021-07-07 11:09:28.355  INFO 8932 --- [restartedMain] o.h.e.t.j.p.i.JtaPlatformInitiator       : HHH000490: Using JtaPlatform implementation: [org.hibernate.engine.transaction.jta.platform.internal.NoJtaPlatform]
2021-07-07 11:09:28.356  INFO 8932 --- [restartedMain] j.LocalContainerEntityManagerFactoryBean : Initialized JPA EntityManagerFactory for persistence unit 'default'
2021-07-07 11:09:28.362  INFO 8932 --- [restartedMain] o.s.b.d.a.OptionalLiveReloadServer       : LiveReload server is running on port 35729
2021-07-07 11:09:28.545  WARN 8932 --- [restartedMain] JpaBaseConfiguration$JpaWebConfiguration : spring.jpa.open-in-view is enabled by default. Therefore, database queries may be performed during view rendering. Explicitly configure spring.jpa.open-in-view to disable this warning
2021-07-07 11:09:28.596  INFO 8932 --- [restartedMain] o.s.s.concurrent.ThreadPoolTaskExecutor  : Initializing ExecutorService 'applicationTaskExecutor'
2021-07-07 11:09:28.668  WARN 8932 --- [restartedMain] o.s.b.a.batch.JpaBatchConfigurer         : JPA does not support custom isolation levels, so locks may not be taken when launching Jobs
2021-07-07 11:09:28.669  INFO 8932 --- [restartedMain] o.s.b.c.r.s.JobRepositoryFactoryBean     : No database type set, using meta data indicating: H2
2021-07-07 11:09:28.669  INFO 8932 --- [restartedMain] o.s.b.c.l.support.SimpleJobLauncher      : No TaskExecutor has been set, defaulting to synchronous executor.
2021-07-07 11:09:28.730  INFO 8932 --- [restartedMain] o.s.b.w.embedded.tomcat.TomcatWebServer  : Tomcat started on port(s): 8080 (http) with context path ''
2021-07-07 11:09:28.739  INFO 8932 --- [restartedMain] c.s.springbatch.SpringbatchApplication   : Started SpringbatchApplication in 1.389 seconds (JVM running for 86.19)
2021-07-07 11:09:28.741  INFO 8932 --- [restartedMain] .ConditionEvaluationDeltaLoggingListener : Condition evaluation unchanged
2021-07-07 11:11:03.063  INFO 1304 --- [restartedMain] c.s.springbatch.SpringbatchApplication   : Starting SpringbatchApplication on SHI58495EU1172F with PID 1304 (C:\Users\kreddy0\Desktop\springbatch\springbatch\target\classes started by kreddy0 in C:\Users\kreddy0\Desktop\springbatch\springbatch)
2021-07-07 11:11:03.068 DEBUG 1304 --- [restartedMain] c.s.springbatch.SpringbatchApplication   : Running with Spring Boot v2.3.12.RELEASE, Spring v5.2.15.RELEASE
2021-07-07 11:11:03.069  INFO 1304 --- [restartedMain] c.s.springbatch.SpringbatchApplication   : No active profile set, falling back to default profiles: default
2021-07-07 11:11:03.163  INFO 1304 --- [restartedMain] .e.DevToolsPropertyDefaultsPostProcessor : Devtools property defaults active! Set 'spring.devtools.add-properties' to 'false' to disable
2021-07-07 11:11:03.163  INFO 1304 --- [restartedMain] .e.DevToolsPropertyDefaultsPostProcessor : For additional web related logging consider setting the 'logging.level.web' property to 'DEBUG'
2021-07-07 11:11:04.542  INFO 1304 --- [restartedMain] .s.d.r.c.RepositoryConfigurationDelegate : Bootstrapping Spring Data JPA repositories in DEFAULT mode.
2021-07-07 11:11:04.657  INFO 1304 --- [restartedMain] .s.d.r.c.RepositoryConfigurationDelegate : Finished Spring Data repository scanning in 99ms. Found 2 JPA repository interfaces.
2021-07-07 11:11:05.951  INFO 1304 --- [restartedMain] o.s.b.w.embedded.tomcat.TomcatWebServer  : Tomcat initialized with port(s): 8080 (http)
2021-07-07 11:11:05.965  INFO 1304 --- [restartedMain] o.apache.catalina.core.StandardService   : Starting service [Tomcat]
2021-07-07 11:11:05.966  INFO 1304 --- [restartedMain] org.apache.catalina.core.StandardEngine  : Starting Servlet engine: [Apache Tomcat/9.0.46]
2021-07-07 11:11:06.353  INFO 1304 --- [restartedMain] o.a.c.c.C.[Tomcat].[localhost].[/]       : Initializing Spring embedded WebApplicationContext
2021-07-07 11:11:06.354  INFO 1304 --- [restartedMain] w.s.c.ServletWebServerApplicationContext : Root WebApplicationContext: initialization completed in 3190 ms
2021-07-07 11:11:06.420  INFO 1304 --- [restartedMain] com.zaxxer.hikari.HikariDataSource       : HikariPool-1 - Starting...
2021-07-07 11:11:06.724  INFO 1304 --- [restartedMain] com.zaxxer.hikari.HikariDataSource       : HikariPool-1 - Start completed.
2021-07-07 11:11:06.733  INFO 1304 --- [restartedMain] o.s.b.a.h2.H2ConsoleAutoConfiguration    : H2 console available at '/h2-console'. Database available at 'jdbc:h2:mem:testdb'
2021-07-07 11:11:06.965  INFO 1304 --- [restartedMain] o.hibernate.jpa.internal.util.LogHelper  : HHH000204: Processing PersistenceUnitInfo [name: default]
2021-07-07 11:11:07.043  INFO 1304 --- [restartedMain] org.hibernate.Version                    : HHH000412: Hibernate ORM core version 5.4.32.Final
2021-07-07 11:11:07.239  INFO 1304 --- [restartedMain] o.hibernate.annotations.common.Version   : HCANN000001: Hibernate Commons Annotations {5.1.2.Final}
2021-07-07 11:11:07.420  INFO 1304 --- [restartedMain] org.hibernate.dialect.Dialect            : HHH000400: Using dialect: org.hibernate.dialect.H2Dialect
2021-07-07 11:11:08.490  INFO 1304 --- [restartedMain] o.h.e.t.j.p.i.JtaPlatformInitiator       : HHH000490: Using JtaPlatform implementation: [org.hibernate.engine.transaction.jta.platform.internal.NoJtaPlatform]
2021-07-07 11:11:08.503  INFO 1304 --- [restartedMain] j.LocalContainerEntityManagerFactoryBean : Initialized JPA EntityManagerFactory for persistence unit 'default'
2021-07-07 11:11:08.524  INFO 1304 --- [restartedMain] o.s.b.d.a.OptionalLiveReloadServer       : LiveReload server is running on port 35729
2021-07-07 11:11:09.183  WARN 1304 --- [restartedMain] JpaBaseConfiguration$JpaWebConfiguration : spring.jpa.open-in-view is enabled by default. Therefore, database queries may be performed during view rendering. Explicitly configure spring.jpa.open-in-view to disable this warning
2021-07-07 11:11:09.347  INFO 1304 --- [restartedMain] o.s.s.concurrent.ThreadPoolTaskExecutor  : Initializing ExecutorService 'applicationTaskExecutor'
2021-07-07 11:11:09.634  WARN 1304 --- [restartedMain] o.s.b.a.batch.JpaBatchConfigurer         : JPA does not support custom isolation levels, so locks may not be taken when launching Jobs
2021-07-07 11:11:09.638  INFO 1304 --- [restartedMain] o.s.b.c.r.s.JobRepositoryFactoryBean     : No database type set, using meta data indicating: H2
2021-07-07 11:11:09.678  INFO 1304 --- [restartedMain] o.s.b.c.l.support.SimpleJobLauncher      : No TaskExecutor has been set, defaulting to synchronous executor.
2021-07-07 11:11:09.840  INFO 1304 --- [restartedMain] o.s.b.w.embedded.tomcat.TomcatWebServer  : Tomcat started on port(s): 8080 (http) with context path ''
2021-07-07 11:11:09.851  INFO 1304 --- [restartedMain] c.s.springbatch.SpringbatchApplication   : Started SpringbatchApplication in 7.34 seconds (JVM running for 8.093)
2021-07-07 11:11:14.505  INFO 1304 --- [http-nio-8080-exec-1] o.a.c.c.C.[Tomcat].[localhost].[/]       : Initializing Spring DispatcherServlet 'dispatcherServlet'
2021-07-07 11:11:14.506  INFO 1304 --- [http-nio-8080-exec-1] o.s.web.servlet.DispatcherServlet        : Initializing Servlet 'dispatcherServlet'
2021-07-07 11:11:14.525  INFO 1304 --- [http-nio-8080-exec-1] o.s.web.servlet.DispatcherServlet        : Completed initialization in 18 ms
2021-07-07 11:11:14.654  INFO 1304 --- [http-nio-8080-exec-1] o.s.b.c.l.support.SimpleJobLauncher      : Job: [SimpleJob: [name=ETL-Load]] launched with the following parameters: [{time=1625636474562}]
2021-07-07 11:11:14.715  INFO 1304 --- [http-nio-8080-exec-1] o.s.batch.core.job.SimpleStepHandler     : Executing step: [Contacts-File-Load]
2021-07-07 11:11:14.765 ERROR 1304 --- [http-nio-8080-exec-1] c.s.springbatch.batch.CustomerProcessor  : Phone number must be 10 digits
2021-07-07 11:11:14.908  INFO 1304 --- [http-nio-8080-exec-1] o.s.batch.core.step.AbstractStep         : Step: [Contacts-File-Load] executed in 191ms
2021-07-07 11:11:14.921  INFO 1304 --- [http-nio-8080-exec-1] o.s.batch.core.job.SimpleStepHandler     : Executing step: [Address-File-Load]
2021-07-07 11:11:14.957  INFO 1304 --- [http-nio-8080-exec-1] o.s.batch.core.step.AbstractStep         : Step: [Address-File-Load] executed in 35ms
2021-07-07 11:11:14.967  INFO 1304 --- [http-nio-8080-exec-1] o.s.b.c.l.support.SimpleJobLauncher      : Job: [SimpleJob: [name=ETL-Load]] completed with the following parameters: [{time=1625636474562}] and the following status: [COMPLETED] in 279ms
